1 2
1 6
1 41
2 3
2 6
2 41
3 4
3 6
3 7
3 41
4 5
4 6
4 7
4 11
4 15
4 18
5 7
5 9
5 11
5 15
6 18
6 27
6 41
6 150
8 9
8 12
8 15
8 17
8 49
8 50
8 106
9 15
10 69
10 106
11 15
11 17
11 18
11 29
11 36
11 49
12 14
12 17
12 19
12 50
12 115
12 144
13 16
13 32
14 16
14 19
14 24
14 31
14 32
14 50
14 111
14 115
14 144
15 17
15 49
16 30
16 31
16 32
17 19
17 36
17 49
18 27
18 29
18 36
18 49
18 62
18 65
19 26
19 35
19 36
19 97
19 115
19 144
20 32
20 50
22 43
22 45
22 78
22 155
24 45
24 54
24 68
24 82
24 97
24 144
25 38
25 53
25 80
25 85
26 29
26 35
26 36
26 40
26 65
26 140
27 29
27 41
27 62
27 150
27 203
28 289
29 36
29 49
29 62
29 65
29 140
30 43
30 48
30 155
31 43
31 45
31 111
32 50
33 66
33 128
34 68
34 121
35 40
35 54
35 97
35 123
35 194
36 49
37 48
38 56
38 80
38 207
38 211
39 44
39 121
40 92
40 101
40 123
40 140
40 194
41 150
43 78
43 155
44 81
45 68
47 132
47 162
50 106
51 66
51 71
52 104
52 126
52 207
53 68
53 80
53 82
54 76
54 82
54 97
54 123
54 194
56 57
56 88
56 100
56 211
57 76
57 80
57 100
57 125
57 145
57 151
57 179
57 187
57 211
57 286
59 94
60 85
60 118
62 65
62 138
62 150
62 203
62 261
63 237
64 88
64 168
65 138
65 140
65 203
65 261
69 106
70 78
70 110
72 96
72 162
74 81
76 80
76 82
76 123
76 145
76 179
76 286
77 100
77 168
80 82
80 286
82 286
87 208
88 100
88 168
88 211
89 331
91 210
92 101
92 123
92 145
92 148
92 179
92 187
92 194
92 195
92 218
96 108
97 144
99 131
99 139
100 151
100 168
100 211
101 138
101 140
101 185
101 195
101 202
101 329
102 196
103 149
103 151
103 190
103 199
103 252
103 278
104 126
104 250
108 118
115 144
122 161
123 145
123 179
123 194
124 267
125 145
125 151
125 179
125 187
125 197
125 199
125 227
127 173
128 289
130 159
131 191
131 268
132 162
133 142
136 226
137 152
137 190
138 140
138 185
138 203
138 261
145 179
145 187
145 286
146 170
148 179
148 184
148 187
148 195
148 218
148 227
149 190
149 252
149 278
149 294
149 316
149 336
150 203
151 199
163 228
167 215
173 176
173 186
175 234
176 180
176 186
179 187
179 195
179 218
179 286
180 243
182 210
184 195
184 202
184 218
184 227
184 283
185 202
185 260
185 261
185 302
187 197
187 218
187 227
190 278
191 268
195 202
195 218
195 329
197 199
197 227
197 249
197 252
197 301
198 253
199 252
199 301
200 230
202 260
202 283
202 329
203 261
203 327
204 310
204 336
211 286
217 314
218 227
225 243
225 323
227 249
227 301
239 309
242 333
249 315
260 283
260 302
260 326
261 327
281 310
281 348
283 326
294 316
310 348
