1 4
1 5
1 19
1 23
1 28
1 59
1 79
1 109
1 124
1 139
1 191
2 4
2 5
2 12
2 20
2 28
2 29
2 41
2 77
2 92
2 109
2 110
2 121
2 123
2 124
2 126
2 170
2 181
2 196
2 221
2 226
2 232
2 233
3 7
3 9
3 15
3 16
3 49
3 55
3 87
3 148
3 152
3 168
4 5
4 8
4 12
4 17
4 23
4 28
4 77
4 79
4 109
4 110
4 124
4 126
4 191
4 219
5 19
5 28
5 29
5 33
5 109
5 110
5 124
5 126
5 170
5 181
5 205
5 226
6 8
6 10
6 17
6 32
6 48
6 73
6 77
6 81
6 85
6 115
6 160
6 191
6 207
6 219
7 9
7 14
7 15
7 19
7 33
7 68
7 87
7 148
7 152
7 168
8 12
8 17
8 18
8 28
8 32
8 48
8 73
8 76
8 77
8 81
8 85
8 115
8 118
8 121
8 126
8 160
8 191
8 219
8 232
8 240
9 13
9 14
9 16
9 34
9 68
9 86
9 87
9 152
9 168
9 183
9 188
9 210
10 32
10 48
10 73
10 81
10 115
10 129
10 160
10 174
11 22
11 26
11 46
11 54
11 88
11 96
11 116
11 140
11 161
11 172
11 215
12 17
12 20
12 28
12 73
12 76
12 77
12 85
12 92
12 110
12 118
12 121
12 123
12 124
12 126
12 181
12 191
12 219
12 221
12 232
12 233
13 16
13 38
13 40
13 46
13 57
13 86
13 141
13 183
13 210
14 34
14 58
14 68
14 87
14 130
14 152
14 188
14 199
14 220
15 19
15 33
15 49
15 59
15 148
16 25
16 38
16 55
16 87
16 152
16 168
16 183
16 210
17 23
17 28
17 77
17 81
17 85
17 115
17 160
17 191
17 207
17 219
18 32
18 36
18 48
18 73
18 76
18 118
18 160
18 174
18 219
18 240
19 29
19 33
19 59
19 109
19 124
19 148
19 226
20 29
20 36
20 41
20 76
20 92
20 110
20 121
20 123
20 126
20 127
20 153
20 170
20 181
20 195
20 196
20 221
20 232
20 233
21 53
21 54
21 88
21 133
21 166
21 206
22 26
22 45
22 46
22 66
22 96
22 116
22 161
22 172
22 231
23 77
23 79
23 124
23 191
23 207
24 31
24 38
24 45
24 102
24 105
24 111
24 245
25 38
25 55
25 111
25 155
25 168
25 245
26 50
26 95
26 96
26 172
26 198
26 231
27 43
27 64
27 95
27 96
27 142
27 172
27 176
27 238
28 77
28 85
28 109
28 110
28 124
28 126
28 191
28 219
29 33
29 41
29 67
29 68
29 92
29 109
29 130
29 170
29 181
29 196
29 199
29 205
29 226
29 242
30 43
30 44
30 147
31 50
31 66
31 105
32 48
32 73
32 77
32 81
32 85
32 115
32 118
32 129
32 160
32 174
32 219
32 240
33 68
33 87
33 130
33 148
33 199
33 226
34 58
34 65
34 68
34 86
34 125
34 130
34 136
34 183
34 188
34 220
36 73
36 76
36 118
36 121
36 233
37 46
37 54
37 57
37 69
37 86
37 140
37 141
37 169
38 40
38 45
38 102
38 168
38 210
38 245
39 97
39 164
40 45
40 46
40 116
40 210
40 231
40 245
41 58
41 67
41 127
41 130
41 170
41 181
41 195
41 196
41 199
41 205
41 224
41 226
41 242
42 144
42 156
43 64
43 99
43 147
44 71
44 84
44 108
44 134
44 167
45 66
45 102
45 116
45 231
45 245
46 54
46 57
46 116
46 140
46 141
46 161
46 231
48 73
48 77
48 81
48 85
48 115
48 118
48 129
48 160
48 174
48 219
48 240
49 55
50 56
50 66
51 94
51 158
52 72
52 99
52 147
53 88
53 103
53 206
53 215
53 237
53 241
54 88
54 133
54 140
54 161
54 166
54 206
54 215
55 155
55 168
55 236
56 91
56 95
57 86
57 116
57 141
58 65
58 67
58 68
58 125
58 130
58 136
58 138
58 157
58 188
58 199
58 220
58 224
59 139
60 65
60 69
60 86
60 125
60 141
60 146
60 186
60 194
60 213
60 225
62 113
62 150
62 235
64 99
64 176
65 69
65 86
65 125
65 157
65 183
65 188
65 194
65 225
66 102
66 231
67 114
67 130
67 136
67 138
67 157
67 170
67 195
67 199
67 224
67 242
68 87
68 130
68 138
68 148
68 152
68 188
68 199
68 220
68 226
69 86
69 125
69 141
69 146
69 169
69 186
69 194
71 84
71 108
71 212
72 99
72 171
72 193
73 77
73 85
73 115
73 118
73 160
73 219
74 134
74 159
74 212
76 118
76 121
76 123
76 221
76 232
76 233
77 85
77 110
77 115
77 118
77 124
77 126
77 160
77 191
77 207
77 219
77 232
79 124
79 139
79 191
80 93
81 85
81 115
81 160
81 207
84 108
84 120
85 115
85 118
85 126
85 160
85 191
85 219
86 125
86 141
86 183
86 188
86 194
86 225
87 152
87 168
87 210
88 103
88 161
88 172
88 176
88 215
91 95
92 126
92 233
92 242
94 134
95 96
95 142
95 238
96 142
96 172
97 133
97 164
98 117
99 147
99 171
99 179
102 231
102 245
103 176
105 106
106 158
109 110
109 124
109 170
109 181
109 205
109 226
110 121
110 123
110 124
110 126
110 181
110 191
110 196
110 221
110 226
110 232
111 155
111 245
113 150
114 127
114 157
114 195
114 204
115 129
115 160
115 219
116 161
116 231
118 121
118 160
118 219
118 232
118 233
119 189
121 123
121 126
121 221
121 232
121 233
122 151
123 127
123 181
123 196
123 221
123 232
123 233
124 126
124 191
124 226
125 136
125 157
125 188
125 194
125 220
125 225
126 191
126 219
126 221
127 153
127 195
127 196
129 160
130 170
130 188
130 195
130 199
130 220
130 224
130 226
130 242
136 157
136 220
136 225
138 157
138 188
138 199
140 141
140 161
140 169
141 183
141 194
142 172
142 238
144 150
144 162
146 186
148 152
148 226
150 162
152 168
152 183
152 188
153 196
153 204
157 185
157 188
157 225
160 174
160 219
161 231
166 169
166 206
168 210
170 181
170 196
170 199
170 205
170 226
170 242
171 179
172 198
172 215
174 240
181 196
181 221
181 226
183 188
183 210
185 225
186 225
188 199
188 220
191 207
191 219
194 213
195 196
195 224
196 221
199 205
199 226
205 226
218 237
218 241
219 232
219 240
221 232
221 233
224 242
231 245
237 241
